# JRE version: Java(TM) SE Runtime Environment (8.0_261-b12) (build 1.8.0_261-b12)
# Java VM: Java HotSpot(TM) 64-Bit Server VM (25.261-b12 mixed mode windows-amd64 compressed oops)
Heap:
 PSYoungGen      total 365056K, used 270276K [0x00000000d6000000, 0x00000000f1600000, 0x0000000100000000)
  eden space 336896K, 80% used [0x00000000d6000000,0x00000000e67f1008,0x00000000ea900000)
  from space 28160K, 0% used [0x00000000ed280000,0x00000000ed280000,0x00000000eee00000)
  to   space 42496K, 0% used [0x00000000ea900000,0x00000000ea900000,0x00000000ed280000)
 ParOldGen       total 93696K, used 93553K [0x0000000082000000, 0x0000000087b80000, 0x00000000d6000000)
  object space 93696K, 99% used [0x0000000082000000,0x0000000087b5c5c0,0x0000000087b80000)
 Metaspace       used 31037K, capacity 31820K, committed 32000K, reserved 1077248K
  class space    used 3275K, capacity 3558K, committed 3584K, reserved 1048576K
GC Heap History (10 events):
Event: 15.906 GC heap before
{Heap before GC invocations=9 (full 1):
 PSYoungGen      total 281600K, used 13223K [0x00000000d6000000, 0x00000000e8700000, 0x0000000100000000)
  eden space 261120K, 0% used [0x00000000d6000000,0x00000000d6000000,0x00000000e5f00000)
  from space 20480K, 64% used [0x00000000e7300000,0x00000000e7fe9e80,0x00000000e8700000)
  to   space 20480K, 0% used [0x00000000e5f00000,0x00000000e5f00000,0x00000000e7300000)
 ParOldGen       total 86016K, used 26832K [0x0000000082000000, 0x0000000087400000, 0x00000000d6000000)
  object space 86016K, 31% used [0x0000000082000000,0x0000000083a34348,0x0000000087400000)
 Metaspace       used 20708K, capacity 21104K, committed 21248K, reserved 1069056K
  class space    used 2298K, capacity 2462K, committed 2560K, reserved 1048576K
Event: 16.206 GC heap after
Heap after GC invocations=9 (full 1):
 PSYoungGen      total 281600K, used 0K [0x00000000d6000000, 0x00000000e8700000, 0x0000000100000000)
  eden space 261120K, 0% used [0x00000000d6000000,0x00000000d6000000,0x00000000e5f00000)
  from space 20480K, 0% used [0x00000000e7300000,0x00000000e7300000,0x00000000e8700000)
  to   space 20480K, 0% used [0x00000000e5f00000,0x00000000e5f00000,0x00000000e7300000)
 ParOldGen       total 93696K, used 35788K [0x0000000082000000, 0x0000000087b80000, 0x00000000d6000000)
  object space 93696K, 38% used [0x0000000082000000,0x00000000842f3340,0x0000000087b80000)
 Metaspace       used 20708K, capacity 21104K, committed 21248K, reserved 1069056K
  class space    used 2298K, capacity 2462K, committed 2560K, reserved 1048576K
}
Event: 19.551 GC heap before
{Heap before GC invocations=10 (full 1):
 PSYoungGen      total 281600K, used 261120K [0x00000000d6000000, 0x00000000e8700000, 0x0000000100000000)
  eden space 261120K, 100% used [0x00000000d6000000,0x00000000e5f00000,0x00000000e5f00000)
  from space 20480K, 0% used [0x00000000e7300000,0x00000000e7300000,0x00000000e8700000)
  to   space 20480K, 0% used [0x00000000e5f00000,0x00000000e5f00000,0x00000000e7300000)
 ParOldGen       total 93696K, used 35788K [0x0000000082000000, 0x0000000087b80000, 0x00000000d6000000)
  object space 93696K, 38% used [0x0000000082000000,0x00000000842f3340,0x0000000087b80000)
 Metaspace       used 25081K, capacity 25588K, committed 25984K, reserved 1073152K
  class space    used 2703K, capacity 2848K, committed 2944K, reserved 1048576K
Event: 19.680 GC heap after
Heap after GC invocations=10 (full 1):
 PSYoungGen      total 281600K, used 20480K [0x00000000d6000000, 0x00000000eee00000, 0x0000000100000000)
  eden space 261120K, 0% used [0x00000000d6000000,0x00000000d6000000,0x00000000e5f00000)
  from space 20480K, 100% used [0x00000000e5f00000,0x00000000e7300000,0x00000000e7300000)
  to   space 28160K, 0% used [0x00000000ed280000,0x00000000ed280000,0x00000000eee00000)
 ParOldGen       total 93696K, used 47668K [0x0000000082000000, 0x0000000087b80000, 0x00000000d6000000)
  object space 93696K, 50% used [0x0000000082000000,0x0000000084e8d3d8,0x0000000087b80000)
 Metaspace       used 25081K, capacity 25588K, committed 25984K, reserved 1073152K
  class space    used 2703K, capacity 2848K, committed 2944K, reserved 1048576K
}
Event: 23.445 GC heap before
{Heap before GC invocations=11 (full 1):
 PSYoungGen      total 281600K, used 281600K [0x00000000d6000000, 0x00000000eee00000, 0x0000000100000000)
  eden space 261120K, 100% used [0x00000000d6000000,0x00000000e5f00000,0x00000000e5f00000)
  from space 20480K, 100% used [0x00000000e5f00000,0x00000000e7300000,0x00000000e7300000)
  to   space 28160K, 0% used [0x00000000ed280000,0x00000000ed280000,0x00000000eee00000)
 ParOldGen       total 93696K, used 47668K [0x0000000082000000, 0x0000000087b80000, 0x00000000d6000000)
  object space 93696K, 50% used [0x0000000082000000,0x0000000084e8d3d8,0x0000000087b80000)
 Metaspace       used 25261K, capacity 25794K, committed 25984K, reserved 1073152K
  class space    used 2710K, capacity 2861K, committed 2944K, reserved 1048576K
Event: 23.705 GC heap after
Heap after GC invocations=11 (full 1):
 PSYoungGen      total 365056K, used 28160K [0x00000000d6000000, 0x00000000f1600000, 0x0000000100000000)
  eden space 336896K, 0% used [0x00000000d6000000,0x00000000d6000000,0x00000000ea900000)
  from space 28160K, 100% used [0x00000000ed280000,0x00000000eee00000,0x00000000eee00000)
  to   space 42496K, 0% used [0x00000000ea900000,0x00000000ea900000,0x00000000ed280000)
 ParOldGen       total 93696K, used 75044K [0x0000000082000000, 0x0000000087b80000, 0x00000000d6000000)
  object space 93696K, 80% used [0x0000000082000000,0x00000000869493d8,0x0000000087b80000)
 Metaspace       used 25261K, capacity 25794K, committed 25984K, reserved 1073152K
  class space    used 2710K, capacity 2861K, committed 2944K, reserved 1048576K
}
Event: 23.705 GC heap before
{Heap before GC invocations=12 (full 2):
 PSYoungGen      total 365056K, used 28160K [0x00000000d6000000, 0x00000000f1600000, 0x0000000100000000)
  eden space 336896K, 0% used [0x00000000d6000000,0x00000000d6000000,0x00000000ea900000)
  from space 28160K, 100% used [0x00000000ed280000,0x00000000eee00000,0x00000000eee00000)
  to   space 42496K, 0% used [0x00000000ea900000,0x00000000ea900000,0x00000000ed280000)
 ParOldGen       total 93696K, used 75044K [0x0000000082000000, 0x0000000087b80000, 0x00000000d6000000)
  object space 93696K, 80% used [0x0000000082000000,0x00000000869493d8,0x0000000087b80000)
 Metaspace       used 25261K, capacity 25794K, committed 25984K, reserved 1073152K
  class space    used 2710K, capacity 2861K, committed 2944K, reserved 1048576K
Event: 24.881 GC heap after
Heap after GC invocations=12 (full 2):
 PSYoungGen      total 365056K, used 0K [0x00000000d6000000, 0x00000000f1600000, 0x0000000100000000)
  eden space 336896K, 0% used [0x00000000d6000000,0x00000000d6000000,0x00000000ea900000)
  from space 28160K, 0% used [0x00000000ed280000,0x00000000ed280000,0x00000000eee00000)
  to   space 42496K, 0% used [0x00000000ea900000,0x00000000ea900000,0x00000000ed280000)
 ParOldGen       total 93696K, used 93572K [0x0000000082000000, 0x0000000087b80000, 0x00000000d6000000)
  object space 93696K, 99% used [0x0000000082000000,0x0000000087b61388,0x0000000087b80000)
 Metaspace       used 25261K, capacity 25794K, committed 25984K, reserved 1073152K
  class space    used 2710K, capacity 2861K, committed 2944K, reserved 1048576K
}
Event: 29.112 GC heap before
{Heap before GC invocations=13 (full 3):
 PSYoungGen      total 365056K, used 336896K [0x00000000d6000000, 0x00000000f1600000, 0x0000000100000000)
  eden space 336896K, 100% used [0x00000000d6000000,0x00000000ea900000,0x00000000ea900000)
  from space 28160K, 0% used [0x00000000ed280000,0x00000000ed280000,0x00000000eee00000)
  to   space 42496K, 0% used [0x00000000ea900000,0x00000000ea900000,0x00000000ed280000)
 ParOldGen       total 93696K, used 93572K [0x0000000082000000, 0x0000000087b80000, 0x00000000d6000000)
  object space 93696K, 99% used [0x0000000082000000,0x0000000087b61388,0x0000000087b80000)
 Metaspace       used 26931K, capacity 27596K, committed 27904K, reserved 1075200K
  class space    used 2858K, capacity 3012K, committed 3072K, reserved 1048576K
Event: 30.241 GC heap after
Heap after GC invocations=13 (full 3):
 PSYoungGen      total 365056K, used 44252K [0x00000000d6000000, 0x00000000f1600000, 0x0000000100000000)
  eden space 336896K, 13% used [0x00000000d6000000,0x00000000d8b37248,0x00000000ea900000)
  from space 28160K, 0% used [0x00000000ed280000,0x00000000ed280000,0x00000000eee00000)
  to   space 42496K, 0% used [0x00000000ea900000,0x00000000ea900000,0x00000000ed280000)
 ParOldGen       total 93696K, used 93553K [0x0000000082000000, 0x0000000087b80000, 0x00000000d6000000)
  object space 93696K, 99% used [0x0000000082000000,0x0000000087b5c5c0,0x0000000087b80000)
 Metaspace       used 26931K, capacity 27596K, committed 27904K, reserved 1075200K
  class space    used 2858K, capacity 3012K, committed 3072K, reserved 1048576K
}

