# JRE version: Java(TM) SE Runtime Environment (8.0_261-b12) (build 1.8.0_261-b12)
# Java VM: Java HotSpot(TM) 64-Bit Server VM (25.261-b12 mixed mode windows-amd64 compressed oops)
Heap:
 PSYoungGen      total 37888K, used 36776K [0x00000000d6000000, 0x00000000daa00000, 0x0000000100000000)
  eden space 32768K, 97% used [0x00000000d6000000,0x00000000d7f5c0a0,0x00000000d8000000)
  from space 5120K, 91% used [0x00000000d8500000,0x00000000d898e238,0x00000000d8a00000)
  to   space 5120K, 0% used [0x00000000d8000000,0x00000000d8000000,0x00000000d8500000)
 ParOldGen       total 86016K, used 19427K [0x0000000082000000, 0x0000000087400000, 0x00000000d6000000)
  object space 86016K, 22% used [0x0000000082000000,0x00000000832f8f40,0x0000000087400000)
 Metaspace       used 15331K, capacity 15778K, committed 15872K, reserved 1062912K
  class space    used 1829K, capacity 2037K, committed 2048K, reserved 1048576K
GC Heap History (10 events):
Event: 4.016 GC heap before
{Heap before GC invocations=4 (full 0):
 PSYoungGen      total 37888K, used 37856K [0x00000000d6000000, 0x00000000d8a00000, 0x0000000100000000)
  eden space 32768K, 100% used [0x00000000d6000000,0x00000000d8000000,0x00000000d8000000)
  from space 5120K, 99% used [0x00000000d8000000,0x00000000d84f8040,0x00000000d8500000)
  to   space 5120K, 0% used [0x00000000d8500000,0x00000000d8500000,0x00000000d8a00000)
 ParOldGen       total 86016K, used 7395K [0x0000000082000000, 0x0000000087400000, 0x00000000d6000000)
  object space 86016K, 8% used [0x0000000082000000,0x0000000082738fb0,0x0000000087400000)
 Metaspace       used 11650K, capacity 11844K, committed 12032K, reserved 1060864K
  class space    used 1369K, capacity 1412K, committed 1536K, reserved 1048576K
Event: 4.026 GC heap after
Heap after GC invocations=4 (full 0):
 PSYoungGen      total 37888K, used 5088K [0x00000000d6000000, 0x00000000daa00000, 0x0000000100000000)
  eden space 32768K, 0% used [0x00000000d6000000,0x00000000d6000000,0x00000000d8000000)
  from space 5120K, 99% used [0x00000000d8500000,0x00000000d89f8020,0x00000000d8a00000)
  to   space 5120K, 0% used [0x00000000d8000000,0x00000000d8000000,0x00000000d8500000)
 ParOldGen       total 86016K, used 10632K [0x0000000082000000, 0x0000000087400000, 0x00000000d6000000)
  object space 86016K, 12% used [0x0000000082000000,0x0000000082a622a0,0x0000000087400000)
 Metaspace       used 11650K, capacity 11844K, committed 12032K, reserved 1060864K
  class space    used 1369K, capacity 1412K, committed 1536K, reserved 1048576K
}
Event: 4.268 GC heap before
{Heap before GC invocations=5 (full 0):
 PSYoungGen      total 37888K, used 37856K [0x00000000d6000000, 0x00000000daa00000, 0x0000000100000000)
  eden space 32768K, 100% used [0x00000000d6000000,0x00000000d8000000,0x00000000d8000000)
  from space 5120K, 99% used [0x00000000d8500000,0x00000000d89f8020,0x00000000d8a00000)
  to   space 5120K, 0% used [0x00000000d8000000,0x00000000d8000000,0x00000000d8500000)
 ParOldGen       total 86016K, used 10632K [0x0000000082000000, 0x0000000087400000, 0x00000000d6000000)
  object space 86016K, 12% used [0x0000000082000000,0x0000000082a622a0,0x0000000087400000)
 Metaspace       used 12747K, capacity 13060K, committed 13184K, reserved 1060864K
  class space    used 1553K, capacity 1622K, committed 1664K, reserved 1048576K
Event: 4.278 GC heap after
Heap after GC invocations=5 (full 0):
 PSYoungGen      total 37888K, used 5088K [0x00000000d6000000, 0x00000000daa00000, 0x0000000100000000)
  eden space 32768K, 0% used [0x00000000d6000000,0x00000000d6000000,0x00000000d8000000)
  from space 5120K, 99% used [0x00000000d8000000,0x00000000d84f8020,0x00000000d8500000)
  to   space 5120K, 0% used [0x00000000d8500000,0x00000000d8500000,0x00000000d8a00000)
 ParOldGen       total 86016K, used 14195K [0x0000000082000000, 0x0000000087400000, 0x00000000d6000000)
  object space 86016K, 16% used [0x0000000082000000,0x0000000082ddcc68,0x0000000087400000)
 Metaspace       used 12747K, capacity 13060K, committed 13184K, reserved 1060864K
  class space    used 1553K, capacity 1622K, committed 1664K, reserved 1048576K
}
Event: 4.552 GC heap before
{Heap before GC invocations=6 (full 0):
 PSYoungGen      total 37888K, used 37856K [0x00000000d6000000, 0x00000000daa00000, 0x0000000100000000)
  eden space 32768K, 100% used [0x00000000d6000000,0x00000000d8000000,0x00000000d8000000)
  from space 5120K, 99% used [0x00000000d8000000,0x00000000d84f8020,0x00000000d8500000)
  to   space 5120K, 0% used [0x00000000d8500000,0x00000000d8500000,0x00000000d8a00000)
 ParOldGen       total 86016K, used 14195K [0x0000000082000000, 0x0000000087400000, 0x00000000d6000000)
  object space 86016K, 16% used [0x0000000082000000,0x0000000082ddcc68,0x0000000087400000)
 Metaspace       used 13827K, capacity 14176K, committed 14336K, reserved 1062912K
  class space    used 1652K, capacity 1758K, committed 1792K, reserved 1048576K
Event: 4.561 GC heap after
Heap after GC invocations=6 (full 0):
 PSYoungGen      total 37888K, used 5092K [0x00000000d6000000, 0x00000000daa00000, 0x0000000100000000)
  eden space 32768K, 0% used [0x00000000d6000000,0x00000000d6000000,0x00000000d8000000)
  from space 5120K, 99% used [0x00000000d8500000,0x00000000d89f90c0,0x00000000d8a00000)
  to   space 5120K, 0% used [0x00000000d8000000,0x00000000d8000000,0x00000000d8500000)
 ParOldGen       total 86016K, used 15886K [0x0000000082000000, 0x0000000087400000, 0x00000000d6000000)
  object space 86016K, 18% used [0x0000000082000000,0x0000000082f83890,0x0000000087400000)
 Metaspace       used 13827K, capacity 14176K, committed 14336K, reserved 1062912K
  class space    used 1652K, capacity 1758K, committed 1792K, reserved 1048576K
}
Event: 4.831 GC heap before
{Heap before GC invocations=7 (full 0):
 PSYoungGen      total 37888K, used 37860K [0x00000000d6000000, 0x00000000daa00000, 0x0000000100000000)
  eden space 32768K, 100% used [0x00000000d6000000,0x00000000d8000000,0x00000000d8000000)
  from space 5120K, 99% used [0x00000000d8500000,0x00000000d89f90c0,0x00000000d8a00000)
  to   space 5120K, 0% used [0x00000000d8000000,0x00000000d8000000,0x00000000d8500000)
 ParOldGen       total 86016K, used 15886K [0x0000000082000000, 0x0000000087400000, 0x00000000d6000000)
  object space 86016K, 18% used [0x0000000082000000,0x0000000082f83890,0x0000000087400000)
 Metaspace       used 14909K, capacity 15180K, committed 15488K, reserved 1062912K
  class space    used 1771K, capacity 1858K, committed 1920K, reserved 1048576K
Event: 4.841 GC heap after
Heap after GC invocations=7 (full 0):
 PSYoungGen      total 37888K, used 4687K [0x00000000d6000000, 0x00000000daa00000, 0x0000000100000000)
  eden space 32768K, 0% used [0x00000000d6000000,0x00000000d6000000,0x00000000d8000000)
  from space 5120K, 91% used [0x00000000d8000000,0x00000000d8493f28,0x00000000d8500000)
  to   space 5120K, 0% used [0x00000000d8500000,0x00000000d8500000,0x00000000d8a00000)
 ParOldGen       total 86016K, used 19075K [0x0000000082000000, 0x0000000087400000, 0x00000000d6000000)
  object space 86016K, 22% used [0x0000000082000000,0x00000000832a0f40,0x0000000087400000)
 Metaspace       used 14909K, capacity 15180K, committed 15488K, reserved 1062912K
  class space    used 1771K, capacity 1858K, committed 1920K, reserved 1048576K
}
Event: 5.047 GC heap before
{Heap before GC invocations=8 (full 0):
 PSYoungGen      total 37888K, used 37455K [0x00000000d6000000, 0x00000000daa00000, 0x0000000100000000)
  eden space 32768K, 100% used [0x00000000d6000000,0x00000000d8000000,0x00000000d8000000)
  from space 5120K, 91% used [0x00000000d8000000,0x00000000d8493f28,0x00000000d8500000)
  to   space 5120K, 0% used [0x00000000d8500000,0x00000000d8500000,0x00000000d8a00000)
 ParOldGen       total 86016K, used 19075K [0x0000000082000000, 0x0000000087400000, 0x00000000d6000000)
  object space 86016K, 22% used [0x0000000082000000,0x00000000832a0f40,0x0000000087400000)
 Metaspace       used 15264K, capacity 15658K, committed 15872K, reserved 1062912K
  class space    used 1816K, capacity 1963K, committed 2048K, reserved 1048576K
Event: 5.052 GC heap after
Heap after GC invocations=8 (full 0):
 PSYoungGen      total 37888K, used 4664K [0x00000000d6000000, 0x00000000daa00000, 0x0000000100000000)
  eden space 32768K, 0% used [0x00000000d6000000,0x00000000d6000000,0x00000000d8000000)
  from space 5120K, 91% used [0x00000000d8500000,0x00000000d898e238,0x00000000d8a00000)
  to   space 5120K, 0% used [0x00000000d8000000,0x00000000d8000000,0x00000000d8500000)
 ParOldGen       total 86016K, used 19427K [0x0000000082000000, 0x0000000087400000, 0x00000000d6000000)
  object space 86016K, 22% used [0x0000000082000000,0x00000000832f8f40,0x0000000087400000)
 Metaspace       used 15264K, capacity 15658K, committed 15872K, reserved 1062912K
  class space    used 1816K, capacity 1963K, committed 2048K, reserved 1048576K
}

